<?xml version="1.0" encoding="UTF-8"?>
<!-- Generated by org.testng.reporters.JUnitXMLReporter -->
<testsuite ignored="0" hostname="DESKTOP-0Q650Q3" failures="1" tests="4" name="ChromeTest" time="0.228" errors="0" timestamp="24 Sept 2024 12:26:54 GMT">
  <testcase classname="TestNGConcept.CrossBrowsingTestingConcept" name="crossBrowsing" time="0.121">
    <skipped/>
  </testcase> <!-- crossBrowsing -->
  <testcase classname="TestNGConcept.CrossBrowsingTestingConcept" name="crossBrowsing" time="0.013">
    <skipped/>
  </testcase> <!-- crossBrowsing -->
  <testcase classname="TestNGConcept.CrossBrowsingTestingConcept" name="crossBrowsing" time="0.008">
    <skipped/>
  </testcase> <!-- crossBrowsing -->
  <testcase classname="TestNGConcept.CrossBrowsingTestingConcept" name="crossBrowsing" time="0.009">
    <failure type="java.lang.IllegalStateException" message="The driver executable does not exist: C:\Users\selva\git\repository3\Automation\driver\chromedriver.exe">
      <![CDATA[java.lang.IllegalStateException: The driver executable does not exist: C:\Users\selva\git\repository3\Automation\driver\chromedriver.exe
at com.google.common.base.Preconditions.checkState(Preconditions.java:585)
at org.openqa.selenium.remote.service.DriverService.checkExecutable(DriverService.java:136)
at org.openqa.selenium.remote.service.DriverService.findExecutable(DriverService.java:131)
at org.openqa.selenium.chrome.ChromeDriverService.access$000(ChromeDriverService.java:32)
at org.openqa.selenium.chrome.ChromeDriverService$Builder.findDefaultExecutable(ChromeDriverService.java:137)
at org.openqa.selenium.remote.service.DriverService$Builder.build(DriverService.java:339)
at org.openqa.selenium.chrome.ChromeDriverService.createDefaultService(ChromeDriverService.java:88)
at org.openqa.selenium.chrome.ChromeDriver.<init>(ChromeDriver.java:123)
at TestNGConcept.CrossBrowsingTestingConcept.crossBrowsing(CrossBrowsingTestingConcept.java:18)
at java.base/java.util.concurrent.FutureTask.run(FutureTask.java:264)
at java.base/java.util.concurrent.ThreadPoolExecutor.runWorker(ThreadPoolExecutor.java:1136)
at java.base/java.util.concurrent.ThreadPoolExecutor$Worker.run(ThreadPoolExecutor.java:635)
at java.base/java.lang.Thread.run(Thread.java:833)
... Removed 16 stack frames]]>
    </failure>
  </testcase> <!-- crossBrowsing -->
</testsuite> <!-- ChromeTest -->
