<?xml version="1.0" encoding="UTF-8"?>
<!-- Generated by org.testng.reporters.JUnitXMLReporter -->
<testsuite ignored="3" hostname="DESKTOP-0Q650Q3" failures="0" tests="4" name="Regression1" time="0.112" errors="0" timestamp="2025-01-03T16:18:59 IST">
  <testcase classname="TestNGConcept.GroupingConcept" name="hk" time="0.011"/>
  <testcase classname="TestNGConcept.GroupingConcept" name="jk" time="0.002"/>
  <testcase classname="TestNGConcept.GroupingConcept" name="retrssyidu" time="0.009"/>
  <testcase classname="TestNGConcept.GroupingConcept" name="retryiu" time="0.004"/>
  <testcase classname="TestNGConcept.FailedTest" name="retry" time="0.0">
    <ignored/>
  </testcase> <!-- retry -->
  <testcase classname="TestNGConcept.GroupingConcept" name="retrydiu" time="0.0">
    <ignored/>
  </testcase> <!-- retrydiu -->
  <testcase classname="TestNGConcept.GroupingConcept" name="retryidu" time="0.0">
    <ignored/>
  </testcase> <!-- retryidu -->
</testsuite> <!-- Regression1 -->
