<?xml version="1.0" encoding="UTF-8"?>
<testng-results ignored="0" total="1" passed="1" failed="0" skipped="0">
  <reporter-output>
  </reporter-output>
  <suite started-at="2025-01-08T12:40:19 IST" name="Default suite" finished-at="2025-01-08T12:40:19 IST" duration-ms="84">
    <groups>
    </groups>
    <test started-at="2025-01-08T12:40:19 IST" name="Default test" finished-at="2025-01-08T12:40:19 IST" duration-ms="84">
      <class name="practice.Workbook3">
        <test-method signature="testCarDetails()[pri:0, instance:practice.Workbook3@33bc72d1]" started-at="2025-01-08T12:40:19 IST" name="testCarDetails" finished-at="2025-01-08T12:40:19 IST" duration-ms="10" status="PASS">
          <reporter-output>
          </reporter-output>
        </test-method> <!-- testCarDetails -->
      </class> <!-- practice.Workbook3 -->
    </test> <!-- Default test -->
  </suite> <!-- Default suite -->
</testng-results>
